<?xml version="1.0" encoding="UTF-8" standalone="no"?><testsuite errors="0" failures="0" name="Register" skipped="0" tests="7" time="0.62" timestamp="2022-11-08 08:33:58"><testcase name="register with null full name , null email and null password"/><testcase name="register with full name, null email and null password"/><testcase name="register null full name , with email and null password"/><testcase name="register with full name, null email and with password"/><testcase name="register with full name , with email and null password"/><testcase name="register with full name, with email and with password"/><testcase name="register with full name , invalid email / within @, with password"/></testsuite>