<?xml version="1.0" encoding="UTF-8" standalone="no"?><testsuite errors="0" failures="0" name="Login" skipped="0" tests="7" time="0.37" timestamp="2022-11-08 08:33:57"><testcase name="Login with null email and null password"/><testcase name="Login with valid email and invalid password"/><testcase name="Login with invalid email and valid password"/><testcase name="Login with valid email and invalid password"/><testcase name="Login with valid email and valid password"/><testcase name="Login with null email and invalid password"/><testcase name="Login with valid email and null password"/></testsuite>